  bibutil.cpp
C:\Projetos\Computação Grafica\trabalho2.2\trabalho2.2\bibutil.cpp(91,7): warning C4996: 'fopen': This function or variable may be unsafe. Consider using fopen_s instead. To disable deprecation, use _CRT_SECURE_NO_WARNINGS. See online help for details.
C:\Projetos\Computação Grafica\trabalho2.2\trabalho2.2\bibutil.cpp(160,4): warning C4996: 'sscanf': This function or variable may be unsafe. Consider using sscanf_s instead. To disable deprecation, use _CRT_SECURE_NO_WARNINGS. See online help for details.
C:\Projetos\Computação Grafica\trabalho2.2\trabalho2.2\bibutil.cpp(183,4): warning C4996: 'sscanf': This function or variable may be unsafe. Consider using sscanf_s instead. To disable deprecation, use _CRT_SECURE_NO_WARNINGS. See online help for details.
C:\Projetos\Computação Grafica\trabalho2.2\trabalho2.2\bibutil.cpp(287,19): warning C4101: 'texid': unreferenced local variable
  trabalho2_2.cpp
C:\Projetos\Computação Grafica\trabalho2.2\trabalho2.2\trabalho2_2.cpp(281,3): warning C4996: 'strcpy': This function or variable may be unsafe. Consider using strcpy_s instead. To disable deprecation, use _CRT_SECURE_NO_WARNINGS. See online help for details.
C:\Projetos\Computação Grafica\trabalho2.2\trabalho2.2\trabalho2_2.cpp(287,3): warning C4996: 'strcpy': This function or variable may be unsafe. Consider using strcpy_s instead. To disable deprecation, use _CRT_SECURE_NO_WARNINGS. See online help for details.
C:\Projetos\Computação Grafica\trabalho2.2\trabalho2.2\trabalho2_2.cpp(293,3): warning C4996: 'strcpy': This function or variable may be unsafe. Consider using strcpy_s instead. To disable deprecation, use _CRT_SECURE_NO_WARNINGS. See online help for details.
C:\Projetos\Computação Grafica\trabalho2.2\trabalho2.2\trabalho2_2.cpp(310,3): warning C4996: 'strcpy': This function or variable may be unsafe. Consider using strcpy_s instead. To disable deprecation, use _CRT_SECURE_NO_WARNINGS. See online help for details.
C:\Projetos\Computação Grafica\trabalho2.2\trabalho2.2\trabalho2_2.cpp(317,3): warning C4996: 'strcpy': This function or variable may be unsafe. Consider using strcpy_s instead. To disable deprecation, use _CRT_SECURE_NO_WARNINGS. See online help for details.
C:\Projetos\Computação Grafica\trabalho2.2\trabalho2.2\trabalho2_2.cpp(324,3): warning C4996: 'strcpy': This function or variable may be unsafe. Consider using strcpy_s instead. To disable deprecation, use _CRT_SECURE_NO_WARNINGS. See online help for details.
C:\Projetos\Computação Grafica\trabalho2.2\trabalho2.2\trabalho2_2.cpp(331,3): warning C4996: 'strcpy': This function or variable may be unsafe. Consider using strcpy_s instead. To disable deprecation, use _CRT_SECURE_NO_WARNINGS. See online help for details.
C:\Projetos\Computação Grafica\trabalho2.2\trabalho2.2\trabalho2_2.cpp(338,3): warning C4996: 'strcpy': This function or variable may be unsafe. Consider using strcpy_s instead. To disable deprecation, use _CRT_SECURE_NO_WARNINGS. See online help for details.
C:\Projetos\Computação Grafica\trabalho2.2\trabalho2.2\trabalho2_2.cpp(345,3): warning C4996: 'strcpy': This function or variable may be unsafe. Consider using strcpy_s instead. To disable deprecation, use _CRT_SECURE_NO_WARNINGS. See online help for details.
C:\Projetos\Computação Grafica\trabalho2.2\trabalho2.2\trabalho2_2.cpp(352,3): warning C4996: 'strcpy': This function or variable may be unsafe. Consider using strcpy_s instead. To disable deprecation, use _CRT_SECURE_NO_WARNINGS. See online help for details.
C:\Projetos\Computação Grafica\trabalho2.2\trabalho2.2\trabalho2_2.cpp(359,3): warning C4996: 'strcpy': This function or variable may be unsafe. Consider using strcpy_s instead. To disable deprecation, use _CRT_SECURE_NO_WARNINGS. See online help for details.
C:\Projetos\Computação Grafica\trabalho2.2\trabalho2.2\trabalho2_2.cpp(366,3): warning C4996: 'strcpy': This function or variable may be unsafe. Consider using strcpy_s instead. To disable deprecation, use _CRT_SECURE_NO_WARNINGS. See online help for details.
C:\Projetos\Computação Grafica\trabalho2.2\trabalho2.2\trabalho2_2.cpp(372,3): warning C4996: 'strcpy': This function or variable may be unsafe. Consider using strcpy_s instead. To disable deprecation, use _CRT_SECURE_NO_WARNINGS. See online help for details.
C:\Projetos\Computação Grafica\trabalho2.2\trabalho2.2\trabalho2_2.cpp(412,3): warning C4996: 'strcpy': This function or variable may be unsafe. Consider using strcpy_s instead. To disable deprecation, use _CRT_SECURE_NO_WARNINGS. See online help for details.
C:\Projetos\Computação Grafica\trabalho2.2\trabalho2.2\trabalho2_2.cpp(454,4): warning C4996: 'strcpy': This function or variable may be unsafe. Consider using strcpy_s instead. To disable deprecation, use _CRT_SECURE_NO_WARNINGS. See online help for details.
C:\Projetos\Computação Grafica\trabalho2.2\trabalho2.2\trabalho2_2.cpp(462,4): warning C4996: 'strcpy': This function or variable may be unsafe. Consider using strcpy_s instead. To disable deprecation, use _CRT_SECURE_NO_WARNINGS. See online help for details.
C:\Projetos\Computação Grafica\trabalho2.2\trabalho2.2\trabalho2_2.cpp(480,3): warning C4996: 'strcpy': This function or variable may be unsafe. Consider using strcpy_s instead. To disable deprecation, use _CRT_SECURE_NO_WARNINGS. See online help for details.
C:\Projetos\Computação Grafica\trabalho2.2\trabalho2.2\trabalho2_2.cpp(485,3): warning C4996: 'strcpy': This function or variable may be unsafe. Consider using strcpy_s instead. To disable deprecation, use _CRT_SECURE_NO_WARNINGS. See online help for details.
C:\Projetos\Computação Grafica\trabalho2.2\trabalho2.2\trabalho2_2.cpp(490,3): warning C4996: 'strcpy': This function or variable may be unsafe. Consider using strcpy_s instead. To disable deprecation, use _CRT_SECURE_NO_WARNINGS. See online help for details.
C:\Projetos\Computação Grafica\trabalho2.2\trabalho2.2\trabalho2_2.cpp(495,3): warning C4996: 'strcpy': This function or variable may be unsafe. Consider using strcpy_s instead. To disable deprecation, use _CRT_SECURE_NO_WARNINGS. See online help for details.
C:\Projetos\Computação Grafica\trabalho2.2\trabalho2.2\trabalho2_2.cpp(507,3): warning C4996: 'strcpy': This function or variable may be unsafe. Consider using strcpy_s instead. To disable deprecation, use _CRT_SECURE_NO_WARNINGS. See online help for details.
C:\Projetos\Computação Grafica\trabalho2.2\trabalho2.2\trabalho2_2.cpp(514,3): warning C4996: 'strcpy': This function or variable may be unsafe. Consider using strcpy_s instead. To disable deprecation, use _CRT_SECURE_NO_WARNINGS. See online help for details.
C:\Projetos\Computação Grafica\trabalho2.2\trabalho2.2\trabalho2_2.cpp(521,3): warning C4996: 'strcpy': This function or variable may be unsafe. Consider using strcpy_s instead. To disable deprecation, use _CRT_SECURE_NO_WARNINGS. See online help for details.
  Generating Code...
  trabalho2.2.vcxproj -> C:\Projetos\Computação Grafica\trabalho2.2\Debug\trabalho2.2.exe
